2023-08-05 17:25:20.805 +06:00  INF  User profile is available. Using 'C:\Users\Shuva\AppData\Local\ASP.NET\DataProtection-Keys' as key repository and Windows DPAPI to encrypt keys at rest.
2023-08-05 17:25:21.310 +06:00  INF  Creating key {a1ed4348-a88b-4395-92ef-61deaeb04a3d} with creation date 2023-08-05 11:25:21Z, activation date 2023-08-05 11:25:21Z, and expiration date 2023-11-03 11:25:21Z.
2023-08-05 17:25:21.322 +06:00  INF  Writing data to file 'C:\Users\Shuva\AppData\Local\ASP.NET\DataProtection-Keys\key-a1ed4348-a88b-4395-92ef-61deaeb04a3d.xml'.
2023-08-05 17:25:21.448 +06:00  INF  Application started. Press Ctrl+C to shut down.
2023-08-05 17:25:21.448 +06:00  INF  Hosting environment: Development
2023-08-05 17:25:21.449 +06:00  INF  Content root path: D:\.Net Core\Open Source Project\Boilerplate\Boilerplate.API\
2023-08-05 17:25:21.495 +06:00  INF  Request starting HTTP/2 GET https://localhost:44372/swagger - -
2023-08-05 17:25:22.494 +06:00  INF  Request finished HTTP/2 GET https://localhost:44372/swagger - - - 404 - - 1005.7386ms
2023-08-05 17:27:02.672 +06:00  INF  User profile is available. Using 'C:\Users\Shuva\AppData\Local\ASP.NET\DataProtection-Keys' as key repository and Windows DPAPI to encrypt keys at rest.
2023-08-05 17:27:02.986 +06:00  INF  Application started. Press Ctrl+C to shut down.
2023-08-05 17:27:02.986 +06:00  INF  Hosting environment: Development
2023-08-05 17:27:02.986 +06:00  INF  Content root path: D:\.Net Core\Open Source Project\Boilerplate\Boilerplate.API\
2023-08-05 17:27:03.027 +06:00  INF  Request starting HTTP/2 GET https://localhost:44372/swagger - -
2023-08-05 17:27:03.303 +06:00  INF  Request finished HTTP/2 GET https://localhost:44372/swagger - - - 404 - - 280.3229ms
2023-08-05 17:31:10.371 +06:00  INF  User profile is available. Using 'C:\Users\Shuva\AppData\Local\ASP.NET\DataProtection-Keys' as key repository and Windows DPAPI to encrypt keys at rest.
2023-08-05 17:31:10.840 +06:00  INF  Application started. Press Ctrl+C to shut down.
2023-08-05 17:31:10.840 +06:00  INF  Hosting environment: Development
2023-08-05 17:31:10.840 +06:00  INF  Content root path: D:\.Net Core\Open Source Project\Boilerplate\Boilerplate.API\
2023-08-05 17:31:10.880 +06:00  INF  Request starting HTTP/2 GET https://localhost:44372/swagger - -
2023-08-05 17:31:11.661 +06:00  INF  Request finished HTTP/2 GET https://localhost:44372/swagger - - - 404 - - 785.3657ms
2023-08-05 17:31:13.897 +06:00  INF  Request starting HTTP/2 GET https://localhost:44372/swagger - -
2023-08-05 17:31:13.974 +06:00  INF  Request finished HTTP/2 GET https://localhost:44372/swagger - - - 404 - - 70.8872ms
2023-08-05 17:31:14.922 +06:00  INF  Request starting HTTP/2 GET https://localhost:44372/swagger - -
2023-08-05 17:31:14.935 +06:00  INF  Request finished HTTP/2 GET https://localhost:44372/swagger - - - 404 - - 3.7500ms
2023-08-05 17:31:34.825 +06:00  INF  Request starting HTTP/1.1 GET https://localhost:44372/api/TestApi/GetToken - -
2023-08-05 17:31:34.838 +06:00  INF  Executing endpoint 'Boilerplate.Web.Controllers.TestApiController.GetToken (Boilerplate.API)'
2023-08-05 17:31:34.857 +06:00  INF  Route matched with {action = "GetToken", controller = "TestApi"}. Executing controller action with signature System.String GetToken() on controller Boilerplate.Web.Controllers.TestApiController (Boilerplate.API).
2023-08-05 17:31:35.001 +06:00  INF  Executing action method Boilerplate.Web.Controllers.TestApiController.GetToken (Boilerplate.API) - Validation state: "Valid"
2023-08-05 17:31:35.397 +06:00  INF  Executed action method Boilerplate.Web.Controllers.TestApiController.GetToken (Boilerplate.API), returned result Microsoft.AspNetCore.Mvc.ObjectResult in 387.0833ms.
2023-08-05 17:31:35.408 +06:00  INF  Executing ObjectResult, writing value of type 'System.String'.
2023-08-05 17:31:35.427 +06:00  INF  Executed action Boilerplate.Web.Controllers.TestApiController.GetToken (Boilerplate.API) in 563.0743ms
2023-08-05 17:31:35.428 +06:00  INF  Executed endpoint 'Boilerplate.Web.Controllers.TestApiController.GetToken (Boilerplate.API)'
2023-08-05 17:31:35.430 +06:00  INF  Request finished HTTP/1.1 GET https://localhost:44372/api/TestApi/GetToken - - - 200 - text/plain;+charset=utf-8 604.8163ms
2023-08-05 17:49:38.501 +06:00  INF  Request starting HTTP/1.1 GET https://localhost:44372/api/TestApi/GetToken - -
2023-08-05 17:49:38.511 +06:00  INF  Executing endpoint 'Boilerplate.Web.Controllers.TestApiController.GetToken (Boilerplate.API)'
2023-08-05 17:49:38.512 +06:00  INF  Route matched with {action = "GetToken", controller = "TestApi"}. Executing controller action with signature System.String GetToken() on controller Boilerplate.Web.Controllers.TestApiController (Boilerplate.API).
2023-08-05 17:49:38.543 +06:00  INF  Executing action method Boilerplate.Web.Controllers.TestApiController.GetToken (Boilerplate.API) - Validation state: "Valid"
2023-08-05 17:49:38.543 +06:00  INF  Executed action method Boilerplate.Web.Controllers.TestApiController.GetToken (Boilerplate.API), returned result Microsoft.AspNetCore.Mvc.ObjectResult in 0.2211ms.
2023-08-05 17:49:38.544 +06:00  INF  Executing ObjectResult, writing value of type 'System.String'.
2023-08-05 17:49:38.545 +06:00  INF  Executed action Boilerplate.Web.Controllers.TestApiController.GetToken (Boilerplate.API) in 32.0236ms
2023-08-05 17:49:38.545 +06:00  INF  Executed endpoint 'Boilerplate.Web.Controllers.TestApiController.GetToken (Boilerplate.API)'
2023-08-05 17:49:38.545 +06:00  INF  Request finished HTTP/1.1 GET https://localhost:44372/api/TestApi/GetToken - - - 200 - text/plain;+charset=utf-8 44.0336ms
2023-08-05 17:50:11.849 +06:00  INF  Request starting HTTP/1.1 GET https://localhost:44372/api/MasterEntry/GetAll application/json 73
2023-08-05 17:50:11.958 +06:00  INF  Executing endpoint '405 HTTP Method Not Supported'
2023-08-05 17:50:11.959 +06:00  INF  Executed endpoint '405 HTTP Method Not Supported'
2023-08-05 17:50:11.968 +06:00  INF  Request finished HTTP/1.1 GET https://localhost:44372/api/MasterEntry/GetAll application/json 73 - 405 - - 121.4955ms
2023-08-05 17:53:02.030 +06:00  INF  Request starting HTTP/1.1 POST https://localhost:44372/api/MasterEntry/GetAll application/json 73
2023-08-05 17:53:02.071 +06:00  INF  Executing endpoint 'Boilerplate.API.Controllers.MasterEntryController.GetAll (Boilerplate.API)'
2023-08-05 17:53:02.085 +06:00  INF  Route matched with {action = "GetAll", controller = "MasterEntry"}. Executing controller action with signature Microsoft.AspNetCore.Mvc.IActionResult GetAll(Boilerplate.Entities.DBModels.MasterEntryModel) on controller Boilerplate.API.Controllers.MasterEntryController (Boilerplate.API).
2023-08-05 17:53:02.139 +06:00  INF  Executing action method Boilerplate.API.Controllers.MasterEntryController.GetAll (Boilerplate.API) - Validation state: "Valid"
2023-08-05 17:53:02.946 +06:00  INF  Data Not Found!
2023-08-05 17:53:02.947 +06:00  INF  Executed action method Boilerplate.API.Controllers.MasterEntryController.GetAll (Boilerplate.API), returned result Microsoft.AspNetCore.Mvc.OkObjectResult in 807.5157ms.
2023-08-05 17:53:02.947 +06:00  INF  Executing OkObjectResult, writing value of type 'Boilerplate.Service.Message.Messages'.
2023-08-05 17:53:02.957 +06:00  INF  Executed action Boilerplate.API.Controllers.MasterEntryController.GetAll (Boilerplate.API) in 871.9601ms
2023-08-05 17:53:02.957 +06:00  INF  Executed endpoint 'Boilerplate.API.Controllers.MasterEntryController.GetAll (Boilerplate.API)'
2023-08-05 17:53:02.958 +06:00  INF  Request finished HTTP/1.1 POST https://localhost:44372/api/MasterEntry/GetAll application/json 73 - 200 - application/json;+charset=utf-8 928.8185ms
2023-08-05 17:53:42.870 +06:00  INF  Request starting HTTP/1.1 POST https://localhost:44372/api/MasterEntry/GetAll application/json 73
2023-08-05 17:53:42.886 +06:00  INF  Executing endpoint 'Boilerplate.API.Controllers.MasterEntryController.GetAll (Boilerplate.API)'
2023-08-05 17:53:42.920 +06:00  INF  Route matched with {action = "GetAll", controller = "MasterEntry"}. Executing controller action with signature Microsoft.AspNetCore.Mvc.IActionResult GetAll(Boilerplate.Entities.DBModels.MasterEntryModel) on controller Boilerplate.API.Controllers.MasterEntryController (Boilerplate.API).
2023-08-05 17:53:42.951 +06:00  INF  Executing action method Boilerplate.API.Controllers.MasterEntryController.GetAll (Boilerplate.API) - Validation state: "Valid"
2023-08-05 17:53:42.995 +06:00  INF  Data Not Found!
2023-08-05 17:53:42.995 +06:00  INF  Executed action method Boilerplate.API.Controllers.MasterEntryController.GetAll (Boilerplate.API), returned result Microsoft.AspNetCore.Mvc.OkObjectResult in 44.2967ms.
2023-08-05 17:53:42.995 +06:00  INF  Executing OkObjectResult, writing value of type 'Boilerplate.Service.Message.Messages'.
2023-08-05 17:53:42.996 +06:00  INF  Executed action Boilerplate.API.Controllers.MasterEntryController.GetAll (Boilerplate.API) in 75.2439ms
2023-08-05 17:53:42.996 +06:00  INF  Executed endpoint 'Boilerplate.API.Controllers.MasterEntryController.GetAll (Boilerplate.API)'
2023-08-05 17:53:42.996 +06:00  INF  Request finished HTTP/1.1 POST https://localhost:44372/api/MasterEntry/GetAll application/json 73 - 200 - application/json;+charset=utf-8 126.9799ms
2023-08-05 17:54:17.195 +06:00  INF  Request starting HTTP/1.1 POST https://localhost:44372/api/MasterEntry/GetAll application/json 73
2023-08-05 17:54:17.196 +06:00  INF  Executing endpoint 'Boilerplate.API.Controllers.MasterEntryController.GetAll (Boilerplate.API)'
2023-08-05 17:54:17.196 +06:00  INF  Route matched with {action = "GetAll", controller = "MasterEntry"}. Executing controller action with signature Microsoft.AspNetCore.Mvc.IActionResult GetAll(Boilerplate.Entities.DBModels.MasterEntryModel) on controller Boilerplate.API.Controllers.MasterEntryController (Boilerplate.API).
2023-08-05 17:54:17.218 +06:00  INF  Executing action method Boilerplate.API.Controllers.MasterEntryController.GetAll (Boilerplate.API) - Validation state: "Valid"
2023-08-05 17:55:38.754 +06:00  INF  Data Not Found!
2023-08-05 17:55:38.754 +06:00  INF  Executed action method Boilerplate.API.Controllers.MasterEntryController.GetAll (Boilerplate.API), returned result Microsoft.AspNetCore.Mvc.OkObjectResult in 81536.4768ms.
2023-08-05 17:55:38.754 +06:00  INF  Executing OkObjectResult, writing value of type 'Boilerplate.Service.Message.Messages'.
2023-08-05 17:55:38.755 +06:00  INF  Executed action Boilerplate.API.Controllers.MasterEntryController.GetAll (Boilerplate.API) in 81559.0688ms
2023-08-05 17:55:38.755 +06:00  INF  Executed endpoint 'Boilerplate.API.Controllers.MasterEntryController.GetAll (Boilerplate.API)'
2023-08-05 17:55:38.757 +06:00  INF  Request finished HTTP/1.1 POST https://localhost:44372/api/MasterEntry/GetAll application/json 73 - 200 - application/json;+charset=utf-8 81560.5212ms
2023-08-05 17:56:03.760 +06:00  INF  Request starting HTTP/1.1 POST https://localhost:44372/api/MasterEntry/GetAll application/json 79
2023-08-05 17:56:03.773 +06:00  INF  Executing endpoint 'Boilerplate.API.Controllers.MasterEntryController.GetAll (Boilerplate.API)'
2023-08-05 17:56:03.773 +06:00  INF  Route matched with {action = "GetAll", controller = "MasterEntry"}. Executing controller action with signature Microsoft.AspNetCore.Mvc.IActionResult GetAll(Boilerplate.Entities.DBModels.MasterEntryModel) on controller Boilerplate.API.Controllers.MasterEntryController (Boilerplate.API).
2023-08-05 17:56:03.798 +06:00  INF  Executing action method Boilerplate.API.Controllers.MasterEntryController.GetAll (Boilerplate.API) - Validation state: "Valid"
2023-08-05 17:56:05.731 +06:00  INF  Data Found!
2023-08-05 17:56:05.732 +06:00  INF  Executed action method Boilerplate.API.Controllers.MasterEntryController.GetAll (Boilerplate.API), returned result Microsoft.AspNetCore.Mvc.OkObjectResult in 1933.2193ms.
2023-08-05 17:56:05.732 +06:00  INF  Executing OkObjectResult, writing value of type 'Boilerplate.Service.Message.Messages'.
2023-08-05 17:56:05.733 +06:00  INF  Executed action Boilerplate.API.Controllers.MasterEntryController.GetAll (Boilerplate.API) in 1960.1948ms
2023-08-05 17:56:05.733 +06:00  INF  Executed endpoint 'Boilerplate.API.Controllers.MasterEntryController.GetAll (Boilerplate.API)'
2023-08-05 17:56:05.734 +06:00  INF  Request finished HTTP/1.1 POST https://localhost:44372/api/MasterEntry/GetAll application/json 79 - 200 - application/json;+charset=utf-8 1974.9355ms
2023-08-05 17:58:34.540 +06:00  INF  Request starting HTTP/1.1 POST https://localhost:44372/api/MasterEntry/GetAll application/json 79
2023-08-05 17:58:34.542 +06:00  INF  Executing endpoint 'Boilerplate.API.Controllers.MasterEntryController.GetAll (Boilerplate.API)'
2023-08-05 17:58:34.543 +06:00  INF  Route matched with {action = "GetAll", controller = "MasterEntry"}. Executing controller action with signature Microsoft.AspNetCore.Mvc.IActionResult GetAll(Boilerplate.Entities.DBModels.MasterEntryModel) on controller Boilerplate.API.Controllers.MasterEntryController (Boilerplate.API).
2023-08-05 17:58:34.568 +06:00  INF  Executing action method Boilerplate.API.Controllers.MasterEntryController.GetAll (Boilerplate.API) - Validation state: "Valid"
2023-08-05 17:58:36.473 +06:00  INF  Data Found!
2023-08-05 17:58:36.473 +06:00  INF  Executed action method Boilerplate.API.Controllers.MasterEntryController.GetAll (Boilerplate.API), returned result Microsoft.AspNetCore.Mvc.OkObjectResult in 1905.3841ms.
2023-08-05 17:58:36.474 +06:00  INF  Executing OkObjectResult, writing value of type 'Boilerplate.Service.Message.Messages'.
2023-08-05 17:58:36.474 +06:00  INF  Executed action Boilerplate.API.Controllers.MasterEntryController.GetAll (Boilerplate.API) in 1931.7231ms
2023-08-05 17:58:36.475 +06:00  INF  Executed endpoint 'Boilerplate.API.Controllers.MasterEntryController.GetAll (Boilerplate.API)'
2023-08-05 17:58:36.475 +06:00  INF  Request finished HTTP/1.1 POST https://localhost:44372/api/MasterEntry/GetAll application/json 79 - 200 - application/json;+charset=utf-8 1935.1104ms
2023-08-05 18:00:47.286 +06:00  INF  User profile is available. Using 'C:\Users\Shuva\AppData\Local\ASP.NET\DataProtection-Keys' as key repository and Windows DPAPI to encrypt keys at rest.
2023-08-05 18:00:47.661 +06:00  INF  Application started. Press Ctrl+C to shut down.
2023-08-05 18:00:47.662 +06:00  INF  Hosting environment: Development
2023-08-05 18:00:47.662 +06:00  INF  Content root path: D:\.Net Core\Open Source Project\Boilerplate\Boilerplate.API\
2023-08-05 18:00:47.725 +06:00  INF  Request starting HTTP/2 GET https://localhost:44372/swagger - -
2023-08-05 18:00:48.050 +06:00  INF  Request finished HTTP/2 GET https://localhost:44372/swagger - - - 404 - - 331.6998ms
2023-08-05 18:00:49.314 +06:00  INF  Request starting HTTP/1.1 POST https://localhost:44372/api/MasterEntry/GetAll application/json 79
2023-08-05 18:00:49.686 +06:00  INF  Executing endpoint 'Boilerplate.API.Controllers.MasterEntryController.GetAll (Boilerplate.API)'
2023-08-05 18:00:49.714 +06:00  INF  Route matched with {action = "GetAll", controller = "MasterEntry"}. Executing controller action with signature Microsoft.AspNetCore.Mvc.IActionResult GetAll(Boilerplate.Entities.DBModels.MasterEntryModel) on controller Boilerplate.API.Controllers.MasterEntryController (Boilerplate.API).
2023-08-05 18:00:49.860 +06:00  INF  Executing action method Boilerplate.API.Controllers.MasterEntryController.GetAll (Boilerplate.API) - Validation state: "Valid"
2023-08-05 18:00:54.057 +06:00  INF  Data Found!
2023-08-05 18:00:54.065 +06:00  INF  Executed action method Boilerplate.API.Controllers.MasterEntryController.GetAll (Boilerplate.API), returned result Microsoft.AspNetCore.Mvc.OkObjectResult in 4194.3313ms.
2023-08-05 18:00:54.076 +06:00  INF  Executing OkObjectResult, writing value of type 'Boilerplate.Service.Message.Messages'.
2023-08-05 18:00:54.099 +06:00  INF  Executed action Boilerplate.API.Controllers.MasterEntryController.GetAll (Boilerplate.API) in 4377.3721ms
2023-08-05 18:00:54.099 +06:00  INF  Executed endpoint 'Boilerplate.API.Controllers.MasterEntryController.GetAll (Boilerplate.API)'
2023-08-05 18:00:54.099 +06:00  INF  Request finished HTTP/1.1 POST https://localhost:44372/api/MasterEntry/GetAll application/json 79 - 200 - application/json;+charset=utf-8 4785.6252ms
2023-08-05 18:01:43.523 +06:00  INF  User profile is available. Using 'C:\Users\Shuva\AppData\Local\ASP.NET\DataProtection-Keys' as key repository and Windows DPAPI to encrypt keys at rest.
2023-08-05 18:01:43.857 +06:00  INF  Application started. Press Ctrl+C to shut down.
2023-08-05 18:01:43.857 +06:00  INF  Hosting environment: Development
2023-08-05 18:01:43.857 +06:00  INF  Content root path: D:\.Net Core\Open Source Project\Boilerplate\Boilerplate.API\
2023-08-05 18:01:43.902 +06:00  INF  Request starting HTTP/2 GET https://localhost:44372/swagger - -
2023-08-05 18:01:44.267 +06:00  INF  Request finished HTTP/2 GET https://localhost:44372/swagger - - - 404 - - 369.6239ms
2023-08-05 18:01:47.206 +06:00  INF  Request starting HTTP/1.1 POST https://localhost:44372/api/MasterEntry/GetAll application/json 79
2023-08-05 18:01:47.621 +06:00  INF  Executing endpoint 'Boilerplate.API.Controllers.MasterEntryController.GetAll (Boilerplate.API)'
2023-08-05 18:01:47.655 +06:00  INF  Route matched with {action = "GetAll", controller = "MasterEntry"}. Executing controller action with signature Microsoft.AspNetCore.Mvc.IActionResult GetAll(Boilerplate.Entities.DBModels.MasterEntryModel) on controller Boilerplate.API.Controllers.MasterEntryController (Boilerplate.API).
2023-08-05 18:01:47.826 +06:00  INF  Executing action method Boilerplate.API.Controllers.MasterEntryController.GetAll (Boilerplate.API) - Validation state: "Valid"
2023-08-05 18:01:57.100 +06:00  INF  Data Found!
2023-08-05 18:01:57.113 +06:00  INF  Executed action method Boilerplate.API.Controllers.MasterEntryController.GetAll (Boilerplate.API), returned result Microsoft.AspNetCore.Mvc.OkObjectResult in 9272.0355ms.
2023-08-05 18:01:57.144 +06:00  INF  Executing OkObjectResult, writing value of type 'Boilerplate.Service.Message.Messages'.
2023-08-05 18:01:57.170 +06:00  INF  Executed action Boilerplate.API.Controllers.MasterEntryController.GetAll (Boilerplate.API) in 9504.837ms
2023-08-05 18:01:57.170 +06:00  INF  Executed endpoint 'Boilerplate.API.Controllers.MasterEntryController.GetAll (Boilerplate.API)'
2023-08-05 18:01:57.170 +06:00  INF  Request finished HTTP/1.1 POST https://localhost:44372/api/MasterEntry/GetAll application/json 79 - 200 - application/json;+charset=utf-8 9964.4028ms
2023-08-05 18:02:06.028 +06:00  INF  Request starting HTTP/1.1 POST https://localhost:44372/api/MasterEntry/GetAll application/json 79
2023-08-05 18:02:06.036 +06:00  INF  Executing endpoint 'Boilerplate.API.Controllers.MasterEntryController.GetAll (Boilerplate.API)'
2023-08-05 18:02:06.061 +06:00  INF  Route matched with {action = "GetAll", controller = "MasterEntry"}. Executing controller action with signature Microsoft.AspNetCore.Mvc.IActionResult GetAll(Boilerplate.Entities.DBModels.MasterEntryModel) on controller Boilerplate.API.Controllers.MasterEntryController (Boilerplate.API).
2023-08-05 18:02:06.097 +06:00  INF  Executing action method Boilerplate.API.Controllers.MasterEntryController.GetAll (Boilerplate.API) - Validation state: "Valid"
2023-08-05 18:02:20.382 +06:00  INF  Data Found!
2023-08-05 18:02:20.382 +06:00  INF  Executed action method Boilerplate.API.Controllers.MasterEntryController.GetAll (Boilerplate.API), returned result Microsoft.AspNetCore.Mvc.OkObjectResult in 14284.8963ms.
2023-08-05 18:02:20.383 +06:00  INF  Executing OkObjectResult, writing value of type 'Boilerplate.Service.Message.Messages'.
2023-08-05 18:02:20.385 +06:00  INF  Executed action Boilerplate.API.Controllers.MasterEntryController.GetAll (Boilerplate.API) in 14323.1577ms
2023-08-05 18:02:20.385 +06:00  INF  Executed endpoint 'Boilerplate.API.Controllers.MasterEntryController.GetAll (Boilerplate.API)'
2023-08-05 18:02:20.385 +06:00  INF  Request finished HTTP/1.1 POST https://localhost:44372/api/MasterEntry/GetAll application/json 79 - 200 - application/json;+charset=utf-8 14356.5115ms
2023-08-05 18:02:53.892 +06:00  INF  User profile is available. Using 'C:\Users\Shuva\AppData\Local\ASP.NET\DataProtection-Keys' as key repository and Windows DPAPI to encrypt keys at rest.
2023-08-05 18:02:54.229 +06:00  INF  Application started. Press Ctrl+C to shut down.
2023-08-05 18:02:54.230 +06:00  INF  Hosting environment: Development
2023-08-05 18:02:54.230 +06:00  INF  Content root path: D:\.Net Core\Open Source Project\Boilerplate\Boilerplate.API\
2023-08-05 18:02:54.274 +06:00  INF  Request starting HTTP/2 GET https://localhost:44372/swagger - -
2023-08-05 18:02:54.565 +06:00  INF  Request finished HTTP/2 GET https://localhost:44372/swagger - - - 404 - - 294.7288ms
2023-08-05 18:02:58.170 +06:00  INF  Request starting HTTP/1.1 POST https://localhost:44372/api/MasterEntry/GetAll application/json 79
2023-08-05 18:02:58.507 +06:00  INF  Executing endpoint 'Boilerplate.API.Controllers.MasterEntryController.GetAll (Boilerplate.API)'
2023-08-05 18:02:58.548 +06:00  INF  Route matched with {action = "GetAll", controller = "MasterEntry"}. Executing controller action with signature Microsoft.AspNetCore.Mvc.IActionResult GetAll(Boilerplate.Entities.DBModels.MasterEntryModel) on controller Boilerplate.API.Controllers.MasterEntryController (Boilerplate.API).
2023-08-05 18:02:58.698 +06:00  INF  Executing action method Boilerplate.API.Controllers.MasterEntryController.GetAll (Boilerplate.API) - Validation state: "Valid"
2023-08-05 18:02:59.305 +06:00  INF  Data Found!
2023-08-05 18:02:59.311 +06:00  INF  Executed action method Boilerplate.API.Controllers.MasterEntryController.GetAll (Boilerplate.API), returned result Microsoft.AspNetCore.Mvc.OkObjectResult in 603.4977ms.
2023-08-05 18:02:59.323 +06:00  INF  Executing OkObjectResult, writing value of type 'Boilerplate.Service.Message.Messages'.
2023-08-05 18:02:59.347 +06:00  INF  Executed action Boilerplate.API.Controllers.MasterEntryController.GetAll (Boilerplate.API) in 790.5122ms
2023-08-05 18:02:59.347 +06:00  INF  Executed endpoint 'Boilerplate.API.Controllers.MasterEntryController.GetAll (Boilerplate.API)'
2023-08-05 18:02:59.348 +06:00  INF  Request finished HTTP/1.1 POST https://localhost:44372/api/MasterEntry/GetAll application/json 79 - 200 - application/json;+charset=utf-8 1177.2421ms
2023-08-05 18:03:38.817 +06:00  INF  User profile is available. Using 'C:\Users\Shuva\AppData\Local\ASP.NET\DataProtection-Keys' as key repository and Windows DPAPI to encrypt keys at rest.
2023-08-05 18:03:39.130 +06:00  INF  Application started. Press Ctrl+C to shut down.
2023-08-05 18:03:39.131 +06:00  INF  Hosting environment: Development
2023-08-05 18:03:39.131 +06:00  INF  Content root path: D:\.Net Core\Open Source Project\Boilerplate\Boilerplate.API\
2023-08-05 18:03:39.176 +06:00  INF  Request starting HTTP/2 GET https://localhost:44372/swagger - -
2023-08-05 18:03:39.460 +06:00  INF  Request finished HTTP/2 GET https://localhost:44372/swagger - - - 404 - - 288.3579ms
2023-08-05 18:03:40.108 +06:00  INF  Request starting HTTP/1.1 POST https://localhost:44372/api/MasterEntry/GetAll application/json 79
2023-08-05 18:03:40.484 +06:00  INF  Executing endpoint 'Boilerplate.API.Controllers.MasterEntryController.GetAll (Boilerplate.API)'
2023-08-05 18:03:40.513 +06:00  INF  Route matched with {action = "GetAll", controller = "MasterEntry"}. Executing controller action with signature Microsoft.AspNetCore.Mvc.IActionResult GetAll(Boilerplate.Entities.DBModels.MasterEntryModel) on controller Boilerplate.API.Controllers.MasterEntryController (Boilerplate.API).
2023-08-05 18:03:40.703 +06:00  INF  Executing action method Boilerplate.API.Controllers.MasterEntryController.GetAll (Boilerplate.API) - Validation state: "Valid"
2023-08-05 18:03:42.050 +06:00  INF  Data Found!
2023-08-05 18:03:42.061 +06:00  INF  Executed action method Boilerplate.API.Controllers.MasterEntryController.GetAll (Boilerplate.API), returned result Microsoft.AspNetCore.Mvc.OkObjectResult in 1344.8894ms.
2023-08-05 18:03:42.072 +06:00  INF  Executing OkObjectResult, writing value of type 'Boilerplate.Service.Message.Messages'.
2023-08-05 18:03:42.094 +06:00  INF  Executed action Boilerplate.API.Controllers.MasterEntryController.GetAll (Boilerplate.API) in 1573.668ms
2023-08-05 18:03:42.095 +06:00  INF  Executed endpoint 'Boilerplate.API.Controllers.MasterEntryController.GetAll (Boilerplate.API)'
2023-08-05 18:03:42.095 +06:00  INF  Request finished HTTP/1.1 POST https://localhost:44372/api/MasterEntry/GetAll application/json 79 - 200 - application/json;+charset=utf-8 1986.6993ms
2023-08-05 18:04:54.979 +06:00  INF  User profile is available. Using 'C:\Users\Shuva\AppData\Local\ASP.NET\DataProtection-Keys' as key repository and Windows DPAPI to encrypt keys at rest.
2023-08-05 18:04:55.353 +06:00  INF  Application started. Press Ctrl+C to shut down.
2023-08-05 18:04:55.353 +06:00  INF  Hosting environment: Development
2023-08-05 18:04:55.353 +06:00  INF  Content root path: D:\.Net Core\Open Source Project\Boilerplate\Boilerplate.API\
2023-08-05 18:04:55.394 +06:00  INF  Request starting HTTP/2 GET https://localhost:44372/swagger - -
2023-08-05 18:04:55.670 +06:00  INF  Request finished HTTP/2 GET https://localhost:44372/swagger - - - 404 - - 280.9583ms
2023-08-05 18:04:58.751 +06:00  INF  Request starting HTTP/1.1 POST https://localhost:44372/api/MasterEntry/GetAll application/json 79
2023-08-05 18:04:59.062 +06:00  INF  Executing endpoint 'Boilerplate.API.Controllers.MasterEntryController.GetAll (Boilerplate.API)'
2023-08-05 18:04:59.099 +06:00  INF  Route matched with {action = "GetAll", controller = "MasterEntry"}. Executing controller action with signature Microsoft.AspNetCore.Mvc.IActionResult GetAll(Boilerplate.Entities.DBModels.MasterEntryModel) on controller Boilerplate.API.Controllers.MasterEntryController (Boilerplate.API).
2023-08-05 18:04:59.260 +06:00  INF  Executing action method Boilerplate.API.Controllers.MasterEntryController.GetAll (Boilerplate.API) - Validation state: "Valid"
2023-08-05 18:04:59.878 +06:00  INF  Data Found!
2023-08-05 18:04:59.886 +06:00  INF  Executed action method Boilerplate.API.Controllers.MasterEntryController.GetAll (Boilerplate.API), returned result Microsoft.AspNetCore.Mvc.OkObjectResult in 615.5658ms.
2023-08-05 18:04:59.899 +06:00  INF  Executing OkObjectResult, writing value of type 'Boilerplate.Service.Message.Messages'.
2023-08-05 18:04:59.920 +06:00  INF  Executed action Boilerplate.API.Controllers.MasterEntryController.GetAll (Boilerplate.API) in 814.639ms
2023-08-05 18:04:59.921 +06:00  INF  Executed endpoint 'Boilerplate.API.Controllers.MasterEntryController.GetAll (Boilerplate.API)'
2023-08-05 18:04:59.921 +06:00  INF  Request finished HTTP/1.1 POST https://localhost:44372/api/MasterEntry/GetAll application/json 79 - 200 - application/json;+charset=utf-8 1169.9686ms
2023-08-05 18:06:18.615 +06:00  INF  User profile is available. Using 'C:\Users\Shuva\AppData\Local\ASP.NET\DataProtection-Keys' as key repository and Windows DPAPI to encrypt keys at rest.
2023-08-05 18:06:19.017 +06:00  INF  Application started. Press Ctrl+C to shut down.
2023-08-05 18:06:19.017 +06:00  INF  Hosting environment: Development
2023-08-05 18:06:19.017 +06:00  INF  Content root path: D:\.Net Core\Open Source Project\Boilerplate\Boilerplate.API\
2023-08-05 18:06:19.051 +06:00  INF  Request starting HTTP/2 GET https://localhost:44372/swagger - -
2023-08-05 18:06:19.353 +06:00  INF  Request finished HTTP/2 GET https://localhost:44372/swagger - - - 404 - - 305.4417ms
2023-08-05 18:06:20.600 +06:00  INF  Request starting HTTP/1.1 POST https://localhost:44372/api/MasterEntry/GetAll application/json 79
2023-08-05 18:06:20.965 +06:00  INF  Executing endpoint 'Boilerplate.API.Controllers.MasterEntryController.GetAll (Boilerplate.API)'
2023-08-05 18:06:21.000 +06:00  INF  Route matched with {action = "GetAll", controller = "MasterEntry"}. Executing controller action with signature Microsoft.AspNetCore.Mvc.IActionResult GetAll(Boilerplate.Entities.DBModels.MasterEntryModel) on controller Boilerplate.API.Controllers.MasterEntryController (Boilerplate.API).
2023-08-05 18:06:21.152 +06:00  INF  Executing action method Boilerplate.API.Controllers.MasterEntryController.GetAll (Boilerplate.API) - Validation state: "Valid"
2023-08-05 18:06:22.180 +06:00  INF  Data Found!
2023-08-05 18:06:22.189 +06:00  INF  Executed action method Boilerplate.API.Controllers.MasterEntryController.GetAll (Boilerplate.API), returned result Microsoft.AspNetCore.Mvc.OkObjectResult in 1024.3774ms.
2023-08-05 18:06:22.199 +06:00  INF  Executing OkObjectResult, writing value of type 'Boilerplate.Service.Message.Messages'.
2023-08-05 18:06:22.227 +06:00  INF  Executed action Boilerplate.API.Controllers.MasterEntryController.GetAll (Boilerplate.API) in 1216.8721ms
2023-08-05 18:06:22.227 +06:00  INF  Executed endpoint 'Boilerplate.API.Controllers.MasterEntryController.GetAll (Boilerplate.API)'
2023-08-05 18:06:22.227 +06:00  INF  Request finished HTTP/1.1 POST https://localhost:44372/api/MasterEntry/GetAll application/json 79 - 200 - application/json;+charset=utf-8 1627.2682ms
2023-08-05 18:11:13.871 +06:00  INF  Request starting HTTP/1.1 POST https://localhost:44372/api/MasterEntry/GetAll application/json 79
2023-08-05 18:11:13.890 +06:00  INF  Executing endpoint 'Boilerplate.API.Controllers.MasterEntryController.GetAll (Boilerplate.API)'
2023-08-05 18:11:13.905 +06:00  INF  Route matched with {action = "GetAll", controller = "MasterEntry"}. Executing controller action with signature Microsoft.AspNetCore.Mvc.IActionResult GetAll(Boilerplate.Entities.DBModels.MasterEntryModel) on controller Boilerplate.API.Controllers.MasterEntryController (Boilerplate.API).
2023-08-05 18:11:13.942 +06:00  INF  Executing action method Boilerplate.API.Controllers.MasterEntryController.GetAll (Boilerplate.API) - Validation state: "Valid"
2023-08-05 18:11:15.998 +06:00  INF  Data Found!
2023-08-05 18:11:15.998 +06:00  INF  Executed action method Boilerplate.API.Controllers.MasterEntryController.GetAll (Boilerplate.API), returned result Microsoft.AspNetCore.Mvc.OkObjectResult in 2055.7137ms.
2023-08-05 18:11:15.998 +06:00  INF  Executing OkObjectResult, writing value of type 'Boilerplate.Service.Message.Messages'.
2023-08-05 18:11:15.999 +06:00  INF  Executed action Boilerplate.API.Controllers.MasterEntryController.GetAll (Boilerplate.API) in 2093.7799ms
2023-08-05 18:11:15.999 +06:00  INF  Executed endpoint 'Boilerplate.API.Controllers.MasterEntryController.GetAll (Boilerplate.API)'
2023-08-05 18:11:16.000 +06:00  INF  Request finished HTTP/1.1 POST https://localhost:44372/api/MasterEntry/GetAll application/json 79 - 200 - application/json;+charset=utf-8 2128.7787ms
2023-08-05 18:11:34.014 +06:00  INF  Request starting HTTP/1.1 POST https://localhost:44372/api/MasterEntry/GetAll application/json 79
2023-08-05 18:11:34.015 +06:00  INF  Executing endpoint 'Boilerplate.API.Controllers.MasterEntryController.GetAll (Boilerplate.API)'
2023-08-05 18:11:34.015 +06:00  INF  Route matched with {action = "GetAll", controller = "MasterEntry"}. Executing controller action with signature Microsoft.AspNetCore.Mvc.IActionResult GetAll(Boilerplate.Entities.DBModels.MasterEntryModel) on controller Boilerplate.API.Controllers.MasterEntryController (Boilerplate.API).
2023-08-05 18:11:34.042 +06:00  INF  Executing action method Boilerplate.API.Controllers.MasterEntryController.GetAll (Boilerplate.API) - Validation state: "Valid"
2023-08-05 18:11:35.242 +06:00  INF  Data Found!
2023-08-05 18:11:35.242 +06:00  INF  Executed action method Boilerplate.API.Controllers.MasterEntryController.GetAll (Boilerplate.API), returned result Microsoft.AspNetCore.Mvc.OkObjectResult in 1199.2211ms.
2023-08-05 18:11:35.242 +06:00  INF  Executing OkObjectResult, writing value of type 'Boilerplate.Service.Message.Messages'.
2023-08-05 18:11:35.242 +06:00  INF  Executed action Boilerplate.API.Controllers.MasterEntryController.GetAll (Boilerplate.API) in 1227.4789ms
2023-08-05 18:11:35.242 +06:00  INF  Executed endpoint 'Boilerplate.API.Controllers.MasterEntryController.GetAll (Boilerplate.API)'
2023-08-05 18:11:35.243 +06:00  INF  Request finished HTTP/1.1 POST https://localhost:44372/api/MasterEntry/GetAll application/json 79 - 200 - application/json;+charset=utf-8 1228.8978ms
2023-08-05 18:11:52.535 +06:00  INF  Request starting HTTP/1.1 POST https://localhost:44372/api/MasterEntry/GetAll application/json 79
2023-08-05 18:11:52.536 +06:00  INF  Executing endpoint 'Boilerplate.API.Controllers.MasterEntryController.GetAll (Boilerplate.API)'
2023-08-05 18:11:52.536 +06:00  INF  Route matched with {action = "GetAll", controller = "MasterEntry"}. Executing controller action with signature Microsoft.AspNetCore.Mvc.IActionResult GetAll(Boilerplate.Entities.DBModels.MasterEntryModel) on controller Boilerplate.API.Controllers.MasterEntryController (Boilerplate.API).
2023-08-05 18:11:52.575 +06:00  INF  Executing action method Boilerplate.API.Controllers.MasterEntryController.GetAll (Boilerplate.API) - Validation state: "Valid"
2023-08-05 18:12:03.781 +06:00  INF  Data Found!
2023-08-05 18:12:03.781 +06:00  INF  Executed action method Boilerplate.API.Controllers.MasterEntryController.GetAll (Boilerplate.API), returned result Microsoft.AspNetCore.Mvc.OkObjectResult in 11205.7224ms.
2023-08-05 18:12:03.781 +06:00  INF  Executing OkObjectResult, writing value of type 'Boilerplate.Service.Message.Messages'.
2023-08-05 18:12:03.782 +06:00  INF  Executed action Boilerplate.API.Controllers.MasterEntryController.GetAll (Boilerplate.API) in 11246.1755ms
2023-08-05 18:12:03.782 +06:00  INF  Executed endpoint 'Boilerplate.API.Controllers.MasterEntryController.GetAll (Boilerplate.API)'
2023-08-05 18:12:03.782 +06:00  INF  Request finished HTTP/1.1 POST https://localhost:44372/api/MasterEntry/GetAll application/json 79 - 200 - application/json;+charset=utf-8 11247.4358ms
2023-08-05 18:12:14.699 +06:00  INF  Request starting HTTP/1.1 POST https://localhost:44372/api/MasterEntry/GetAll application/json 79
2023-08-05 18:12:14.700 +06:00  INF  Executing endpoint 'Boilerplate.API.Controllers.MasterEntryController.GetAll (Boilerplate.API)'
2023-08-05 18:12:14.703 +06:00  INF  Route matched with {action = "GetAll", controller = "MasterEntry"}. Executing controller action with signature Microsoft.AspNetCore.Mvc.IActionResult GetAll(Boilerplate.Entities.DBModels.MasterEntryModel) on controller Boilerplate.API.Controllers.MasterEntryController (Boilerplate.API).
2023-08-05 18:12:14.734 +06:00  INF  Executing action method Boilerplate.API.Controllers.MasterEntryController.GetAll (Boilerplate.API) - Validation state: "Valid"
2023-08-05 18:12:16.193 +06:00  INF  Data Found!
2023-08-05 18:12:16.193 +06:00  INF  Executed action method Boilerplate.API.Controllers.MasterEntryController.GetAll (Boilerplate.API), returned result Microsoft.AspNetCore.Mvc.OkObjectResult in 1459.4909ms.
2023-08-05 18:12:16.193 +06:00  INF  Executing OkObjectResult, writing value of type 'Boilerplate.Service.Message.Messages'.
2023-08-05 18:12:16.195 +06:00  INF  Executed action Boilerplate.API.Controllers.MasterEntryController.GetAll (Boilerplate.API) in 1491.0268ms
2023-08-05 18:12:16.195 +06:00  INF  Executed endpoint 'Boilerplate.API.Controllers.MasterEntryController.GetAll (Boilerplate.API)'
2023-08-05 18:12:16.195 +06:00  INF  Request finished HTTP/1.1 POST https://localhost:44372/api/MasterEntry/GetAll application/json 79 - 200 - application/json;+charset=utf-8 1496.3037ms
2023-08-05 18:12:35.748 +06:00  INF  User profile is available. Using 'C:\Users\Shuva\AppData\Local\ASP.NET\DataProtection-Keys' as key repository and Windows DPAPI to encrypt keys at rest.
2023-08-05 18:12:36.110 +06:00  INF  Application started. Press Ctrl+C to shut down.
2023-08-05 18:12:36.111 +06:00  INF  Hosting environment: Development
2023-08-05 18:12:36.111 +06:00  INF  Content root path: D:\.Net Core\Open Source Project\Boilerplate\Boilerplate.API\
2023-08-05 18:12:36.166 +06:00  INF  Request starting HTTP/2 GET https://localhost:44372/swagger - -
2023-08-05 18:12:36.449 +06:00  INF  Request finished HTTP/2 GET https://localhost:44372/swagger - - - 404 - - 291.1286ms
2023-08-05 18:12:39.642 +06:00  INF  Request starting HTTP/1.1 POST https://localhost:44372/api/MasterEntry/GetAll application/json 79
2023-08-05 18:12:40.028 +06:00  INF  Executing endpoint 'Boilerplate.API.Controllers.MasterEntryController.GetAll (Boilerplate.API)'
2023-08-05 18:12:40.061 +06:00  INF  Route matched with {action = "GetAll", controller = "MasterEntry"}. Executing controller action with signature Microsoft.AspNetCore.Mvc.IActionResult GetAll(Boilerplate.Entities.DBModels.MasterEntryModel) on controller Boilerplate.API.Controllers.MasterEntryController (Boilerplate.API).
2023-08-05 18:12:40.225 +06:00  INF  Executing action method Boilerplate.API.Controllers.MasterEntryController.GetAll (Boilerplate.API) - Validation state: "Valid"
2023-08-05 18:12:42.102 +06:00  INF  Data Found!
2023-08-05 18:12:42.109 +06:00  INF  Executed action method Boilerplate.API.Controllers.MasterEntryController.GetAll (Boilerplate.API), returned result Microsoft.AspNetCore.Mvc.OkObjectResult in 1873.9281ms.
2023-08-05 18:12:42.121 +06:00  INF  Executing OkObjectResult, writing value of type 'Boilerplate.Service.Message.Messages'.
2023-08-05 18:12:42.147 +06:00  INF  Executed action Boilerplate.API.Controllers.MasterEntryController.GetAll (Boilerplate.API) in 2075.0191ms
2023-08-05 18:12:42.148 +06:00  INF  Executed endpoint 'Boilerplate.API.Controllers.MasterEntryController.GetAll (Boilerplate.API)'
2023-08-05 18:12:42.148 +06:00  INF  Request finished HTTP/1.1 POST https://localhost:44372/api/MasterEntry/GetAll application/json 79 - 200 - application/json;+charset=utf-8 2505.8394ms
2023-08-05 18:12:52.491 +06:00  INF  Request starting HTTP/1.1 POST https://localhost:44372/api/MasterEntry/GetAll application/json 79
2023-08-05 18:12:52.495 +06:00  INF  Executing endpoint 'Boilerplate.API.Controllers.MasterEntryController.GetAll (Boilerplate.API)'
2023-08-05 18:12:52.496 +06:00  INF  Route matched with {action = "GetAll", controller = "MasterEntry"}. Executing controller action with signature Microsoft.AspNetCore.Mvc.IActionResult GetAll(Boilerplate.Entities.DBModels.MasterEntryModel) on controller Boilerplate.API.Controllers.MasterEntryController (Boilerplate.API).
2023-08-05 18:12:52.517 +06:00  INF  Executing action method Boilerplate.API.Controllers.MasterEntryController.GetAll (Boilerplate.API) - Validation state: "Valid"
2023-08-05 18:12:55.553 +06:00  INF  Data Found!
2023-08-05 18:12:55.553 +06:00  INF  Executed action method Boilerplate.API.Controllers.MasterEntryController.GetAll (Boilerplate.API), returned result Microsoft.AspNetCore.Mvc.OkObjectResult in 3035.1823ms.
2023-08-05 18:12:55.553 +06:00  INF  Executing OkObjectResult, writing value of type 'Boilerplate.Service.Message.Messages'.
2023-08-05 18:12:55.554 +06:00  INF  Executed action Boilerplate.API.Controllers.MasterEntryController.GetAll (Boilerplate.API) in 3058.0381ms
2023-08-05 18:12:55.554 +06:00  INF  Executed endpoint 'Boilerplate.API.Controllers.MasterEntryController.GetAll (Boilerplate.API)'
2023-08-05 18:12:55.554 +06:00  INF  Request finished HTTP/1.1 POST https://localhost:44372/api/MasterEntry/GetAll application/json 79 - 200 - application/json;+charset=utf-8 3063.2036ms
2023-08-05 18:13:03.216 +06:00  INF  Request starting HTTP/1.1 POST https://localhost:44372/api/MasterEntry/GetAll application/json 79
2023-08-05 18:13:03.218 +06:00  INF  Executing endpoint 'Boilerplate.API.Controllers.MasterEntryController.GetAll (Boilerplate.API)'
2023-08-05 18:13:03.218 +06:00  INF  Route matched with {action = "GetAll", controller = "MasterEntry"}. Executing controller action with signature Microsoft.AspNetCore.Mvc.IActionResult GetAll(Boilerplate.Entities.DBModels.MasterEntryModel) on controller Boilerplate.API.Controllers.MasterEntryController (Boilerplate.API).
2023-08-05 18:13:03.243 +06:00  INF  Executing action method Boilerplate.API.Controllers.MasterEntryController.GetAll (Boilerplate.API) - Validation state: "Valid"
2023-08-05 18:13:03.293 +06:00  INF  Data Found!
2023-08-05 18:13:03.293 +06:00  INF  Executed action method Boilerplate.API.Controllers.MasterEntryController.GetAll (Boilerplate.API), returned result Microsoft.AspNetCore.Mvc.OkObjectResult in 49.4604ms.
2023-08-05 18:13:03.293 +06:00  INF  Executing OkObjectResult, writing value of type 'Boilerplate.Service.Message.Messages'.
2023-08-05 18:13:03.293 +06:00  INF  Executed action Boilerplate.API.Controllers.MasterEntryController.GetAll (Boilerplate.API) in 75.521ms
2023-08-05 18:13:03.293 +06:00  INF  Executed endpoint 'Boilerplate.API.Controllers.MasterEntryController.GetAll (Boilerplate.API)'
2023-08-05 18:13:03.294 +06:00  INF  Request finished HTTP/1.1 POST https://localhost:44372/api/MasterEntry/GetAll application/json 79 - 200 - application/json;+charset=utf-8 77.1761ms
2023-08-05 18:17:18.397 +06:00  INF  User profile is available. Using 'C:\Users\Shuva\AppData\Local\ASP.NET\DataProtection-Keys' as key repository and Windows DPAPI to encrypt keys at rest.
2023-08-05 18:17:18.747 +06:00  INF  Application started. Press Ctrl+C to shut down.
2023-08-05 18:17:18.748 +06:00  INF  Hosting environment: Development
2023-08-05 18:17:18.748 +06:00  INF  Content root path: D:\.Net Core\Open Source Project\Boilerplate\Boilerplate.API\
2023-08-05 18:17:18.788 +06:00  INF  Request starting HTTP/2 GET https://localhost:44372/swagger - -
2023-08-05 18:17:19.075 +06:00  INF  Request finished HTTP/2 GET https://localhost:44372/swagger - - - 404 - - 290.0948ms
2023-08-05 18:17:21.302 +06:00  INF  Request starting HTTP/1.1 POST https://localhost:44372/api/MasterEntry/GetAll application/json 79
2023-08-05 18:17:21.681 +06:00  INF  Executing endpoint 'Boilerplate.API.Controllers.MasterEntryController.GetAll (Boilerplate.API)'
2023-08-05 18:17:21.711 +06:00  INF  Route matched with {action = "GetAll", controller = "MasterEntry"}. Executing controller action with signature Microsoft.AspNetCore.Mvc.IActionResult GetAll(Boilerplate.Entities.DBModels.MasterEntryModel) on controller Boilerplate.API.Controllers.MasterEntryController (Boilerplate.API).
2023-08-05 18:17:21.857 +06:00  INF  Executing action method Boilerplate.API.Controllers.MasterEntryController.GetAll (Boilerplate.API) - Validation state: "Valid"
2023-08-05 18:17:28.388 +06:00  INF  Data Found!
2023-08-05 18:17:28.397 +06:00  INF  Executed action method Boilerplate.API.Controllers.MasterEntryController.GetAll (Boilerplate.API), returned result Microsoft.AspNetCore.Mvc.OkObjectResult in 6528.4227ms.
2023-08-05 18:17:28.407 +06:00  INF  Executing OkObjectResult, writing value of type 'Boilerplate.Service.Message.Messages'.
2023-08-05 18:17:28.432 +06:00  INF  Executed action Boilerplate.API.Controllers.MasterEntryController.GetAll (Boilerplate.API) in 6712.2951ms
2023-08-05 18:17:28.432 +06:00  INF  Executed endpoint 'Boilerplate.API.Controllers.MasterEntryController.GetAll (Boilerplate.API)'
2023-08-05 18:17:28.432 +06:00  INF  Request finished HTTP/1.1 POST https://localhost:44372/api/MasterEntry/GetAll application/json 79 - 200 - application/json;+charset=utf-8 7130.7324ms
2023-08-05 18:18:40.724 +06:00  INF  User profile is available. Using 'C:\Users\Shuva\AppData\Local\ASP.NET\DataProtection-Keys' as key repository and Windows DPAPI to encrypt keys at rest.
2023-08-05 18:18:41.108 +06:00  INF  Application started. Press Ctrl+C to shut down.
2023-08-05 18:18:41.108 +06:00  INF  Hosting environment: Development
2023-08-05 18:18:41.109 +06:00  INF  Content root path: D:\.Net Core\Open Source Project\Boilerplate\Boilerplate.API\
2023-08-05 18:18:41.143 +06:00  INF  Request starting HTTP/2 GET https://localhost:44372/swagger - -
2023-08-05 18:18:41.494 +06:00  INF  Request finished HTTP/2 GET https://localhost:44372/swagger - - - 404 - - 356.4877ms
2023-08-05 18:18:47.096 +06:00  INF  Request starting HTTP/1.1 POST https://localhost:44372/api/MasterEntry/GetAll application/json 79
2023-08-05 18:18:47.461 +06:00  INF  Executing endpoint 'Boilerplate.API.Controllers.MasterEntryController.GetAll (Boilerplate.API)'
2023-08-05 18:18:47.496 +06:00  INF  Route matched with {action = "GetAll", controller = "MasterEntry"}. Executing controller action with signature Microsoft.AspNetCore.Mvc.IActionResult GetAll(Boilerplate.Entities.DBModels.MasterEntryModel) on controller Boilerplate.API.Controllers.MasterEntryController (Boilerplate.API).
2023-08-05 18:18:47.659 +06:00  INF  Executing action method Boilerplate.API.Controllers.MasterEntryController.GetAll (Boilerplate.API) - Validation state: "Valid"
2023-08-05 18:18:51.432 +06:00  INF  Data Found!
2023-08-05 18:18:51.442 +06:00  INF  Executed action method Boilerplate.API.Controllers.MasterEntryController.GetAll (Boilerplate.API), returned result Microsoft.AspNetCore.Mvc.OkObjectResult in 3770.7898ms.
2023-08-05 18:18:51.461 +06:00  INF  Executing OkObjectResult, writing value of type 'Boilerplate.Service.Message.Messages'.
2023-08-05 18:18:51.487 +06:00  INF  Executed action Boilerplate.API.Controllers.MasterEntryController.GetAll (Boilerplate.API) in 3981.7519ms
2023-08-05 18:18:51.487 +06:00  INF  Executed endpoint 'Boilerplate.API.Controllers.MasterEntryController.GetAll (Boilerplate.API)'
2023-08-05 18:18:51.488 +06:00  INF  Request finished HTTP/1.1 POST https://localhost:44372/api/MasterEntry/GetAll application/json 79 - 200 - application/json;+charset=utf-8 4392.0861ms
2023-08-05 18:19:15.977 +06:00  INF  Request starting HTTP/1.1 POST https://localhost:44372/api/MasterEntry/GetAll application/json 79
2023-08-05 18:19:16.002 +06:00  INF  Executing endpoint 'Boilerplate.API.Controllers.MasterEntryController.GetAll (Boilerplate.API)'
2023-08-05 18:19:16.018 +06:00  INF  Route matched with {action = "GetAll", controller = "MasterEntry"}. Executing controller action with signature Microsoft.AspNetCore.Mvc.IActionResult GetAll(Boilerplate.Entities.DBModels.MasterEntryModel) on controller Boilerplate.API.Controllers.MasterEntryController (Boilerplate.API).
2023-08-05 18:19:16.085 +06:00  INF  Executing action method Boilerplate.API.Controllers.MasterEntryController.GetAll (Boilerplate.API) - Validation state: "Valid"
2023-08-05 18:19:41.827 +06:00  INF  Data Found!
2023-08-05 18:19:41.828 +06:00  INF  Executed action method Boilerplate.API.Controllers.MasterEntryController.GetAll (Boilerplate.API), returned result Microsoft.AspNetCore.Mvc.OkObjectResult in 25742.4786ms.
2023-08-05 18:19:41.836 +06:00  INF  Executing OkObjectResult, writing value of type 'Boilerplate.Service.Message.Messages'.
2023-08-05 18:19:41.851 +06:00  INF  Executed action Boilerplate.API.Controllers.MasterEntryController.GetAll (Boilerplate.API) in 25832.2312ms
2023-08-05 18:19:41.851 +06:00  INF  Executed endpoint 'Boilerplate.API.Controllers.MasterEntryController.GetAll (Boilerplate.API)'
2023-08-05 18:19:41.851 +06:00  INF  Request finished HTTP/1.1 POST https://localhost:44372/api/MasterEntry/GetAll application/json 79 - 200 - application/json;+charset=utf-8 25874.7030ms
2023-08-05 18:19:59.986 +06:00  INF  User profile is available. Using 'C:\Users\Shuva\AppData\Local\ASP.NET\DataProtection-Keys' as key repository and Windows DPAPI to encrypt keys at rest.
2023-08-05 18:20:00.371 +06:00  INF  Application started. Press Ctrl+C to shut down.
2023-08-05 18:20:00.372 +06:00  INF  Hosting environment: Development
2023-08-05 18:20:00.372 +06:00  INF  Content root path: D:\.Net Core\Open Source Project\Boilerplate\Boilerplate.API\
2023-08-05 18:20:00.413 +06:00  INF  Request starting HTTP/2 GET https://localhost:44372/swagger - -
2023-08-05 18:20:00.413 +06:00  INF  Request starting HTTP/1.1 POST https://localhost:44372/api/MasterEntry/GetAll application/json 79
2023-08-05 18:20:00.787 +06:00  INF  Request finished HTTP/2 GET https://localhost:44372/swagger - - - 404 - - 376.6485ms
2023-08-05 18:20:01.060 +06:00  INF  Executing endpoint 'Boilerplate.API.Controllers.MasterEntryController.GetAll (Boilerplate.API)'
2023-08-05 18:20:01.097 +06:00  INF  Route matched with {action = "GetAll", controller = "MasterEntry"}. Executing controller action with signature Microsoft.AspNetCore.Mvc.IActionResult GetAll(Boilerplate.Entities.DBModels.MasterEntryModel) on controller Boilerplate.API.Controllers.MasterEntryController (Boilerplate.API).
2023-08-05 18:20:01.254 +06:00  INF  Executing action method Boilerplate.API.Controllers.MasterEntryController.GetAll (Boilerplate.API) - Validation state: "Valid"
2023-08-05 18:20:01.849 +06:00  INF  Data Found!
2023-08-05 18:20:01.861 +06:00  INF  Executed action method Boilerplate.API.Controllers.MasterEntryController.GetAll (Boilerplate.API), returned result Microsoft.AspNetCore.Mvc.OkObjectResult in 593.9737ms.
2023-08-05 18:20:01.875 +06:00  INF  Executing OkObjectResult, writing value of type 'Boilerplate.Service.Message.Messages'.
2023-08-05 18:20:01.904 +06:00  INF  Executed action Boilerplate.API.Controllers.MasterEntryController.GetAll (Boilerplate.API) in 794.9251ms
2023-08-05 18:20:01.904 +06:00  INF  Executed endpoint 'Boilerplate.API.Controllers.MasterEntryController.GetAll (Boilerplate.API)'
2023-08-05 18:20:01.904 +06:00  INF  Request finished HTTP/1.1 POST https://localhost:44372/api/MasterEntry/GetAll application/json 79 - 200 - application/json;+charset=utf-8 1496.6174ms
