2023-01-14 13:50:34.401 +06:00  INF  User profile is available. Using 'C:\Users\Shuva\AppData\Local\ASP.NET\DataProtection-Keys' as key repository and Windows DPAPI to encrypt keys at rest.
2023-01-14 13:50:34.682 +06:00  INF  Creating key {4900adeb-c346-4965-8d46-0b0931d5f2db} with creation date 2023-01-14 07:50:34Z, activation date 2023-01-14 09:59:00Z, and expiration date 2023-04-14 07:50:34Z.
2023-01-14 13:50:34.691 +06:00  INF  Writing data to file 'C:\Users\Shuva\AppData\Local\ASP.NET\DataProtection-Keys\key-4900adeb-c346-4965-8d46-0b0931d5f2db.xml'.
2023-01-14 13:50:34.789 +06:00  INF  Application started. Press Ctrl+C to shut down.
2023-01-14 13:50:34.789 +06:00  INF  Hosting environment: Development
2023-01-14 13:50:34.790 +06:00  INF  Content root path: D:\Maliha Projects\Maliha.Bar\Bar.Backend\CMS.Restaurant.Web\
2023-01-14 13:50:34.825 +06:00  INF  Request starting HTTP/2 GET https://localhost:44372/swagger - -
2023-01-14 13:50:35.418 +06:00  INF  Request finished HTTP/2 GET https://localhost:44372/swagger - - - 404 - - 597.2564ms
2023-01-14 13:50:48.003 +06:00  INF  Request starting HTTP/2 GET https://localhost:44372/swagger - -
2023-01-14 13:50:48.058 +06:00  INF  Request finished HTTP/2 GET https://localhost:44372/swagger - - - 404 - - 46.2931ms
2023-01-14 13:50:49.254 +06:00  INF  Request starting HTTP/2 GET https://localhost:44372/swagger - -
2023-01-14 13:50:49.259 +06:00  INF  Request finished HTTP/2 GET https://localhost:44372/swagger - - - 404 - - 4.5839ms
2023-01-14 13:54:39.310 +06:00  INF  Request starting HTTP/1.1 GET https://localhost:44372/Report/PrintPriceDeclaration?rptType%20=%20%27PDF%27&isView=%27T%27&fromDate=%272023-01-01%27&toDate=%272023-01-12%27&DeclarationInfoId=%2707c00454-4357-4f6a-9598-f6df99cb47ff%27 application/json 812
2023-01-14 13:54:39.313 +06:00  INF  Request finished HTTP/1.1 GET https://localhost:44372/Report/PrintPriceDeclaration?rptType%20=%20%27PDF%27&isView=%27T%27&fromDate=%272023-01-01%27&toDate=%272023-01-12%27&DeclarationInfoId=%2707c00454-4357-4f6a-9598-f6df99cb47ff%27 application/json 812 - 404 - - 4.1311ms
2023-01-14 13:54:58.201 +06:00  INF  Request starting HTTP/1.1 GET https://localhost:44372/api/Report/PrintPriceDeclaration?rptType%20=%20%27PDF%27&isView=%27T%27&fromDate=%272023-01-01%27&toDate=%272023-01-12%27&DeclarationInfoId=%2707c00454-4357-4f6a-9598-f6df99cb47ff%27 application/json 812
2023-01-14 13:54:58.210 +06:00  INF  Executing endpoint 'CMS.Restaurant.Web.Controllers.ReportController.PrintPriceDeclaration (CMS.Restaurant.Web)'
2023-01-14 13:54:58.240 +06:00  INF  Route matched with {action = "PrintPriceDeclaration", controller = "Report"}. Executing controller action with signature System.Threading.Tasks.Task`1[Microsoft.AspNetCore.Mvc.IActionResult] PrintPriceDeclaration(System.String, System.String, System.String, System.String, System.String) on controller CMS.Restaurant.Web.Controllers.ReportController (CMS.Restaurant.Web).
2023-01-14 13:54:58.270 +06:00  INF  Executing BadRequestObjectResult, writing value of type 'Microsoft.AspNetCore.Mvc.ValidationProblemDetails'.
2023-01-14 13:54:58.283 +06:00  INF  Executed action CMS.Restaurant.Web.Controllers.ReportController.PrintPriceDeclaration (CMS.Restaurant.Web) in 37.6229ms
2023-01-14 13:54:58.285 +06:00  INF  Executed endpoint 'CMS.Restaurant.Web.Controllers.ReportController.PrintPriceDeclaration (CMS.Restaurant.Web)'
2023-01-14 13:54:58.286 +06:00  INF  Request finished HTTP/1.1 GET https://localhost:44372/api/Report/PrintPriceDeclaration?rptType%20=%20%27PDF%27&isView=%27T%27&fromDate=%272023-01-01%27&toDate=%272023-01-12%27&DeclarationInfoId=%2707c00454-4357-4f6a-9598-f6df99cb47ff%27 application/json 812 - 400 - application/problem+json;+charset=utf-8 84.9709ms
2023-01-14 13:55:30.537 +06:00  INF  Request starting HTTP/1.1 GET https://localhost:44372/api/Report/PrintPriceDeclaration?rptType=%27PDF%27&isView=%27T%27&fromDate=%272023-01-01%27&toDate=%272023-01-12%27&DeclarationInfoId=%2707c00454-4357-4f6a-9598-f6df99cb47ff%27 application/json 812
2023-01-14 13:55:30.545 +06:00  INF  Executing endpoint 'CMS.Restaurant.Web.Controllers.ReportController.PrintPriceDeclaration (CMS.Restaurant.Web)'
2023-01-14 13:55:30.546 +06:00  INF  Route matched with {action = "PrintPriceDeclaration", controller = "Report"}. Executing controller action with signature System.Threading.Tasks.Task`1[Microsoft.AspNetCore.Mvc.IActionResult] PrintPriceDeclaration(System.String, System.String, System.String, System.String, System.String) on controller CMS.Restaurant.Web.Controllers.ReportController (CMS.Restaurant.Web).
2023-01-14 13:55:30.707 +06:00  INF  Executing action method CMS.Restaurant.Web.Controllers.ReportController.PrintPriceDeclaration (CMS.Restaurant.Web) - Validation state: "Valid"
